UpdateCTestConfiguration  from :D:/Repositories/Github/AHartTN/Hartonomous-Opus/cpp/build/DartConfiguration.tcl
Test project D:/Repositories/Github/AHartTN/Hartonomous-Opus/cpp/build
Constructing a list of tests
Done constructing a list of tests
Updating test list for fixtures
Added 0 tests to meet fixture requirements
Checking test dependency graph...
Checking test dependency graph end
test 1
      Start  1: HilbertTest

1: Test command: D:\Repositories\Github\AHartTN\Hartonomous-Opus\cpp\build\test_hilbert.exe
1: Working Directory: D:/Repositories/Github/AHartTN/Hartonomous-Opus/cpp/build
1: Test timeout computed to be: 10000000
1: === Hilbert Curve Tests ===
1: Testing Hilbert curve roundtrip...
1:   Specific points: PASS
1:   Random points (100): PASS
1: Testing Hilbert curve locality...
1:   Locality property: PASS
1: Testing Hilbert index ordering...
1:   Index comparison: PASS
1: Testing Hilbert index arithmetic...
1:   Arithmetic: PASS
1: Testing Hilbert index abs_distance...
1:   Abs distance: PASS
1: Testing roundtrip edge cases...
1:   Edge cases: PASS
1: Testing index_to_raw_coords...
1:   Raw coords: PASS
1: Testing bit ordering consistency...
1:   Bit ordering: PASS
1: 
1: All tests passed!
 1/10 Test  #1: HilbertTest ......................   Passed    0.07 sec
test 2
      Start  2: CoordinatesTest

2: Test command: D:\Repositories\Github\AHartTN\Hartonomous-Opus\cpp\build\test_coordinates.exe
2: Working Directory: D:/Repositories/Github/AHartTN/Hartonomous-Opus/cpp/build
2: Test timeout computed to be: 10000000
2: === Coordinate Mapper Tests ===
2: Testing Unicode categorization...
2:   Categorization: 14/14 passed
2: Testing surface distribution...
2:   Float surface check: 228/228 on surface (|norm-1| < 1e-10)
2:   Quantized surface check: 37/128 on surface (relaxed tolerance)
2:   Surface distribution: PASS (float exact, quantized informational)
2: Testing centroid calculation...
2:   Simple centroid: PASS
2:   Letters centroid: (1494460390, 1761216954, 773422129, 681878098)
2:   Centroid calculation: PASS
2: Testing Euclidean distance...
2:   Euclidean distance: PASS
2: Testing semantic clustering...
2:   A at: (2147483648, 2145285253, 82460456, 1558132284)
2:   Z at: (2147206238, 2147483648, 2147483648, 2147483648)
2:   a at: (2145129629, 2147483648, 1237608420, 202292623)
2:   0 at: (2147483648, 2146173369, 659649987, 598931211)
2:   Semantic clustering: PASS
2: Testing Hilbert integration...
2:   Hilbert integration: PASS
2: Testing coordinate mapping produces valid surface points...
2:   Sample size: 100 random codepoints
2:   Points on surface: 100/100
2:   All sampled points are on 3-sphere surface (float)
2:   Surface distribution: PASS
2: Testing determinism...
2:   Determinism: PASS
2: Testing no NaN and no overflow...
2:   No NaN/overflow: PASS
2: Testing thread safety...
2:   Thread safety: PASS
2: Testing for collisions (basic check)...
2:   Collisions in small test set: 1 (expected in small sets)
2:   No collisions in test set: PASS
2: Testing semantic locality...
2:   Distance between 65 and 97: 1.7812e+09 (20.7359% of diameter)
2:   Distance between 66 and 98: 1.34534e+09 (15.6619% of diameter)
2:   Distance between 48 and 49: 1.92943e+09 (22.4615% of diameter)
2:   Distance between 65 and 192: 2.48589e+09 (28.9396% of diameter)
2:   Semantic locality: PASS
2: Testing injectivity...
2:   Sample size: 10000, collisions: 623
2:   Injectivity: PASS
2: Testing quantization invariants...
2:   Quantization invariants: PASS
2: Testing distance uniformity (actual NN statistics)...
2:   Sample size: 10000
2:   NN distance statistics:
2:     Mean: 0.0333838
2:     Median: 0.0339155
2:     Std dev: 0.0143328
2:     CV (std/mean): 0.429334 (42.9334%)
2:     5th percentile: 0.00925042
2:     95th percentile: 0.0548434
2:     Range (95th-5th): 0.0455929
2:   [OK] CV 42.9334% is within acceptable range (<= 200%) for semantic adjacency constraints
2:   Distance uniformity: PASS
2: Testing round-trip quantize/Hilbert...
2:   Round-trip: 995/1000 passed
2:   Round-trip quantize/Hilbert: PASS
2: Testing adjacency check...
2:   Mean adjacency distance: 1.97458e+09
2:   Global mean distance: 1.50058e+09
2:   Adjacency check: PASS
2: Testing uniformity (NN distances for subset)...
2:   Sample size: 1000
2:   NN statistics:
2:     Mean: 0.0763167
2:     Median: 0.0740144
2:     Std dev: 0.0277422
2:     CV: 0.363514 (36.3514%)
2:   Uniformity NN: PASS
2: Testing floating-point mapping CV...
2:   Sample size: 5000
2:   Chordal NN CV: 12.8397%
2:   Geodesic NN CV: 12.8425%
2:   Float mapping CV: PASS
2: Testing surrogate handling...
2:   Surrogate handling: PASS
2: Testing optimization pipeline with performance benchmarking...
2:   Initializing 5000 codepoints...
2:   Computing baseline diagnostics...
2:   Baseline CV: 39.3681%
2:   Running optimization pipeline...
2: Starting surface distribution optimization...
2: Computing baseline diagnostics...
2: Baseline CV: 39.3681%
2: Applying deterministic jitter...
2: After jitter CV: 39.3681%
2: Running bucketed tangent Lloyd...
2: After Lloyd CV: 45.1787%
2: Running global KNN repulsion...
2: Iteration 0 energy: 1.50713e+07 CV: 45.1787% eta: 3.05192e-08
2: Iteration 1 energy: 1.50713e+07 eta: 3.05192e-08
2: Iteration 2 energy: 1.50713e+07 eta: 3.05192e-08
2: Iteration 3 energy: 1.50713e+07 eta: 3.05192e-08
2: Iteration 4 energy: 1.50713e+07 eta: 3.05192e-08
2: Iteration 5 energy: 1.50713e+07 CV: 45.1787% eta: 3.05192e-08
2: Iteration 6 energy: 1.50713e+07 eta: 3.05192e-08
2: Iteration 7 energy: 1.50713e+07 eta: 3.05192e-08
2: Iteration 8 energy: 1.50713e+07 eta: 3.05192e-08
2: Iteration 9 energy: 1.50713e+07 CV: 45.1787% eta: 3.05192e-08
2: Final CV: 45.1787%
2: Optimization complete. CV improved from 39.3681% to 45.1787%
2:   Computing final diagnostics...
2:   Final CV: 45.1787%
2:   CV improvement: -5.81062 percentage points
2:   Optimization failed
2:   Points on surface: 5000/5000
2:   Optimization pipeline: PASS
2: 
2: All tests passed!
 2/10 Test  #2: CoordinatesTest ..................   Passed    9.43 sec
test 3
      Start  3: Blake3Test

3: Test command: D:\Repositories\Github\AHartTN\Hartonomous-Opus\cpp\build\test_blake3.exe
3: Working Directory: D:/Repositories/Github/AHartTN/Hartonomous-Opus/cpp/build
3: Test timeout computed to be: 10000000
3: === BLAKE3 Tests ===
3: Testing basic hashing...
3:   Empty hash: PASS
3:   hello hash: ea8f163db38682925e4491c5e58d4bb3506ef8c14eb78a86e908c5624a67200f
3:   Different inputs: PASS
3:   Deterministic: PASS
3: Testing codepoint hashing...
3:   Codepoint hashing: PASS
3: Testing Merkle DAG hashing...
3:   Merkle hashing: PASS
3: Testing incremental hashing...
3:   Incremental hashing: PASS
3:   Reset: PASS
3: Testing hex conversion...
3:   Hex conversion: PASS
3: Testing keyed hashing...
3:   Keyed hashing: PASS
3: Testing key derivation...
3:   Key derivation: PASS
3: 
3: All tests passed!
 3/10 Test  #3: Blake3Test .......................   Passed    0.07 sec
test 4
      Start  4: SemanticTest

4: Test command: D:\Repositories\Github\AHartTN\Hartonomous-Opus\cpp\build\test_semantic.exe
4: Working Directory: D:/Repositories/Github/AHartTN/Hartonomous-Opus/cpp/build
4: Test timeout computed to be: 10000000
4: ============================================
4:   Hartonomous Hypercube Semantic Tests
4: ============================================
4: 
4: === Test: Surface Constraint ===
4:   Total on surface: 1112064
4:   Total off surface: 0
4: PASSED: All atoms are on hypercube surface
4: 
4: === Test: Case Pair Proximity ===
4: PASSED: A is categorized as LetterUpper
4: PASSED: a is categorized as LetterLower
4: PASSED: B is categorized as LetterUpper
4: PASSED: b is categorized as LetterLower
4: PASSED: C is categorized as LetterUpper
4: PASSED: c is categorized as LetterLower
4: PASSED: D is categorized as LetterUpper
4: PASSED: d is categorized as LetterLower
4: PASSED: E is categorized as LetterUpper
4: PASSED: e is categorized as LetterLower
4: PASSED: F is categorized as LetterUpper
4: PASSED: f is categorized as LetterLower
4: PASSED: G is categorized as LetterUpper
4: PASSED: g is categorized as LetterLower
4: PASSED: H is categorized as LetterUpper
4: PASSED: h is categorized as LetterLower
4: PASSED: I is categorized as LetterUpper
4: PASSED: i is categorized as LetterLower
4: PASSED: J is categorized as LetterUpper
4: PASSED: j is categorized as LetterLower
4: PASSED: K is categorized as LetterUpper
4: PASSED: k is categorized as LetterLower
4: PASSED: L is categorized as LetterUpper
4: PASSED: l is categorized as LetterLower
4: PASSED: M is categorized as LetterUpper
4: PASSED: m is categorized as LetterLower
4: PASSED: N is categorized as LetterUpper
4: PASSED: n is categorized as LetterLower
4: PASSED: O is categorized as LetterUpper
4: PASSED: o is categorized as LetterLower
4: PASSED: P is categorized as LetterUpper
4: PASSED: p is categorized as LetterLower
4: PASSED: Q is categorized as LetterUpper
4: PASSED: q is categorized as LetterLower
4: PASSED: R is categorized as LetterUpper
4: PASSED: r is categorized as LetterLower
4: PASSED: S is categorized as LetterUpper
4: PASSED: s is categorized as LetterLower
4: PASSED: T is categorized as LetterUpper
4: PASSED: t is categorized as LetterLower
4: PASSED: U is categorized as LetterUpper
4: PASSED: u is categorized as LetterLower
4: PASSED: V is categorized as LetterUpper
4: PASSED: v is categorized as LetterLower
4: PASSED: W is categorized as LetterUpper
4: PASSED: w is categorized as LetterLower
4: PASSED: X is categorized as LetterUpper
4: PASSED: x is categorized as LetterLower
4: PASSED: Y is categorized as LetterUpper
4: PASSED: y is categorized as LetterLower
4: PASSED: Z is categorized as LetterUpper
4: PASSED: z is categorized as LetterLower
4:   Distance A-a: 0.829452
4:   Distance A-B: 1.77628
4: PASSED: A and a have non-zero distance (different coordinates)
4: PASSED: A is closer to a (same letter) than to B (different letter) (0.829452 < 1.77628)
4: 
4: === Test: Category Clustering ===
4:   Category 0 (control): 65 points, 100% on S^3 surface
4:   Category 1 (format): 26 points, 100% on S^3 surface
4:   Category 5 (space): 15 points, 100% on S^3 surface
4:   Category 6 (punctuation_open): 9 points, 100% on S^3 surface
4:   Category 7 (punctuation_close): 9 points, 100% on S^3 surface
4:   Category 8 (punctuation_other): 100 points, 100% on S^3 surface
4:   Category 9 (digit): 10 points, 100% on S^3 surface
4:   Category 11 (math_symbol): 100 points, 100% on S^3 surface
4:   Category 14 (letter_upper): 56 points, 100% on S^3 surface
4:   Category 15 (letter_lower): 58 points, 100% on S^3 surface
4:   Category 17 (letter_modifier): 80 points, 100% on S^3 surface
4:   Category 18 (letter_other): 100 points, 100% on S^3 surface
4:   Category 19 (mark_nonspacing): 100 points, 100% on S^3 surface
4:   Category 22 (symbol_other): 100 points, 100% on S^3 surface
4:   Category 23 (separator): 2 points, 100% on S^3 surface
4: PASSED: Category clustering analysis complete
4: 
4: === Test: Digit Clustering ===
4: PASSED: '0' is categorized as Digit
4: PASSED: '1' is categorized as Digit
4: PASSED: '2' is categorized as Digit
4: PASSED: '3' is categorized as Digit
4: PASSED: '4' is categorized as Digit
4: PASSED: '5' is categorized as Digit
4: PASSED: '6' is categorized as Digit
4: PASSED: '7' is categorized as Digit
4: PASSED: '8' is categorized as Digit
4: PASSED: '9' is categorized as Digit
4: PASSED: All 10 digits are on 3-sphere surface
4:   Digit centroid: (-0.000202594, 0.000546147, -0.343468, -0.939164)
4:   Distance 0-1: 1.77628
4:   Distance 0-A: 0.521294
4: FAILED: Digit 0 is closer to digit 1 than to letter A (1.77628 >= 0.521294)
4: 
4: === Test: Hilbert Locality ===
4:   Hilbert ordering of letters:
4:     0: hilbert_lo=0
4:     1: hilbert_lo=0
4:     2: hilbert_lo=13229474007624693162
4:     3: hilbert_lo=7258575938311730501
4:     4: hilbert_lo=12944565393354503237
4:     5: hilbert_lo=6581249285956543669
4:     6: hilbert_lo=13088944152291595429
4:     7: hilbert_lo=6538018689529525674
4:     8: hilbert_lo=4997400563207677002
4:     9: hilbert_lo=2497892898218198459
4: PASSED: All 52 letters have Hilbert indices
4: 
4: === Test: Hilbert Roundtrip ===
4:   Roundtrip: 1112064 passed, 0 failed
4: PASSED: Hilbert coords->index->coords roundtrip is lossless
4: 
4: === Test: BLAKE3 Uniqueness ===
4:   Unique hashes: 1112064
4:   Duplicates: 0
4: PASSED: All BLAKE3 hashes are unique
4: 
4: === Test: BLAKE3 Determinism ===
4: PASSED: BLAKE3 hash is deterministic (same input = same output)
4: 
4: === Test: Generation Performance ===
4:   Generated 1112064 atoms in 578 ms
4: PASSED: Generation completes in under 2 seconds (578 < 2000)
4: 
4: === Test: Atom Count ===
4:   Total valid codepoints: 1112064
4: PASSED: Atom count matches expected valid codepoints
4: 
4: ============================================
4:   Results: 73 passed, 1 failed
4: ============================================
 4/10 Test  #4: SemanticTest .....................***Failed    2.46 sec
test 5
      Start  5: ClusteringTest

5: Test command: D:\Repositories\Github\AHartTN\Hartonomous-Opus\cpp\build\test_clustering.exe
5: Working Directory: D:/Repositories/Github/AHartTN/Hartonomous-Opus/cpp/build
5: Test timeout computed to be: 10000000
5: ===============================================================
5:      Semantic Clustering Validation Tests                     
5: ===============================================================
5: 
5: === Test: Case Pair Proximity ===
5:   A/a distance: 1.78e+09
5:   B/b distance: 1.35e+09
5:   I/i distance: 1.08e+09
5:   O/o distance: 7.16e+08
5:   Z/z distance: 1.57e+09
5: 
5: === Test: Diacritic Variant Proximity ===
5:   A/U+c0 distance: 2.49e+09
5:   A/U+c1 distance: 2.15e+09
5:   A/U+c4 distance: 2.15e+09
5:   E/U+c9 distance: 7.03e+08
5:   O/U+d6 distance: 1.46e+08
5:   a/U+e0 distance: 1.01e+09
5:   a/U+e1 distance: 2.15e+09
5: 
5: === Test: Cross-Base Distance ===
5:   A-a (case pair): 1.78e+09
5:   A-B (adjacent): 2.20e+09
5:   A-Z (far): 2.15e+09
5:   PASS: Case pair (A-a) closer than adjacent (A-B)
5:   PASS: Case pair (A-a) closer than far (A-Z)
5: 
5: === Test: Keyboard Adjacent Keys ===
5:   Q-W: 4.22e+06
5:   W-E: 8.37e+08
5:   E-R: 2.24e+09
5:   R-T: 2.08e+09
5:   A-S: 2.50e+09
5:   S-D: 2.02e+09
5:   D-F: 1.77e+09
5:   I-O: 8.43e+08
5:   O-P: 2.83e+09
5:   K-L: 1.49e+09
5:   Average keyboard-adjacent distance: 1.66e+09
5:   (Note: Keyboard proximity learned via edges, not coordinates)
5: 
5: === Test: Script Family Grouping ===
5:   Greek ╬æ/╬▒ (case): 1.29e+09
5:   Greek ╬æ-╬⌐ (span): 2.15e+09
5:   Cyrillic ╨É-╨» (span): 1.42e+09
5:   Latin A vs Greek ╬æ: 1.42e+09
5:   PASS: Greek case pairs closer than alphabet span
5: 
5: === Test: Digit Grouping ===
5:   ASCII 0-9 span: 1.60e+09
5:   Fullwidth ∩╝É-∩╝Ö span: 7.95e+08
5:   ASCII 0 vs Fullwidth ∩╝É: 2.15e+09
5:   PASS: ASCII digits reasonably grouped
5: 
5: === Test: Typo Trajectory Similarity ===
5:   king-ling (kΓåÆl typo): 2.15e+09
5:   king-kong (iΓåÆo typo): 6.97e+08
5:   king-fish (different): 4.75e+09
5:   PASS: One-char typo closer than completely different word
5:   PASS: One-char typo closer than completely different word
5: 
5: ===============================================================
5:   All 7 tests passed!
5: ===============================================================
 5/10 Test  #5: ClusteringTest ...................   Passed    0.07 sec
test 6
      Start  6: Laplacian4DTest

6: Test command: D:\Repositories\Github\AHartTN\Hartonomous-Opus\cpp\build\test_laplacian_4d.exe
6: Working Directory: D:/Repositories/Github/AHartTN/Hartonomous-Opus/cpp/build
6: Test timeout computed to be: 10000000
6: Running simd_dot_product... PASSED
6: Running simd_cosine_similarity... PASSED
6: Running sparse_matrix_basic... [MKL] Created sparse matrix handle: 4x4, 6 non-zeros
6: PASSED
6: Running sparse_matrix_multiply... [MKL] Created sparse matrix handle: 3x3, 4 non-zeros
6: [DEBUG] x = [1, 1, 1]
6: [DEBUG] y = [2, 4, 2]
6: PASSED
6: Running gram_schmidt_orthonormality... PASSED
6: Running hypercube_normalization... PASSED
6: Running hilbert_roundtrip... PASSED
6: Running full_projection_small... 
6: === Laplacian Eigenmap Projection to 4D ===
6: Tokens: 50, Embedding dim: 32
6: 
6: [1] Building k-NN similarity graph (k=10)...
6: [HNSWLIB] Building HNSW index for 50 points, dim=32
6: [HNSWLIB] Index built in 1 ms
6: [HNSWLIB] k-NN queries completed in 114 ms
6: [HNSWLIB] Built k-NN graph with 248 edges
6: 
6: [1.5] Ensuring graph connectivity...
6: [CONNECT] Found 4 disconnected components - adding edges
6: [CONNECT] Graph is now connected (1 component)
6: [CONNECT] Added 3 inter-component edges
6: [MKL] Created sparse matrix handle: 50x50, 502 non-zeros
6: 
6: [2] Building normalized Laplacian...
6: [MKL] Created sparse matrix handle: 50x50, 502 non-zeros
6: 
6: [3] Finding 4 smallest non-zero eigenvectors...
6: [DEBUG] Laplacian matrix size: 50x50
6: [DEBUG] Degrees: min=5.75555, max=11.6013, zero_count=0
6: [DEBUG] Laplacian diagonal: min=1, max=1
6: [DEBUG] Laplacian is symmetric: YES
6: [DEBUG] Graph connectivity: 50/50 nodes reachable from node 0
6: [EIGEN] Using dense eigendecomposition for 50 points
6: [MKL] Using Intel MKL DSYEVR (optimized for Intel CPUs)
6: [MKL] Eigendecomposition completed in 0 ms
6: [MKL] Found 5 eigenvalues
6: [MKL] Eigenvalues: 1e-06 0.000820526 0.000863754 0.00316508 0.817526 ...
6: 
6: [4] Gram-Schmidt orthonormalization...
6: [GS] Robust Double-Pass Gram-Schmidt on 4 columns
6: [GS] Max off-diagonal dot product after correction: 3.48575e-17
6: 
6: [5] Normalizing to [0, 2^32-1]^4...
6: [NORM] Coordinate ranges before normalization:
6:   dim 0: [-0.155023, 0.246226]
6:   dim 1: [-0.1913, 0.233526]
6:   dim 2: [-0.263876, 0.0931296]
6:   dim 3: [-0.348577, 0.621337]
6: [NORM] Normalized 50 points to [0, 2^32-1]^4
6: 
6: [7] Computing Hilbert indices (parallel)...
6: 
6: === Projection Complete in 0 seconds ===
6: Projected 50 tokens to 4D hypercube
6: Similarity graph edges: 248
6: (edges=248) PASSED
6: 
6: === Laplacian 4D Projection Tests ===
6: 
6: 
6: === Summary ===
6: Passed: 8
6: Failed: 0
 6/10 Test  #6: Laplacian4DTest ..................   Passed    0.24 sec
test 7
      Start  7: IntegrationTest

7: Test command: D:\Repositories\Github\AHartTN\Hartonomous-Opus\cpp\build\test_integration.exe
7: Working Directory: D:/Repositories/Github/AHartTN/Hartonomous-Opus/cpp/build
7: Environment variables: 
7:  HC_DB_NAME=hypercube
7:  HC_DB_USER=hartonomous
7:  HC_DB_PASS=hartonomous
7:  HC_DB_HOST=localhost
7:  HC_DB_PORT=5432
7: Test timeout computed to be: 10000000
7: 
7: +--------------------------------------------------------------+
7: |     Hartonomous Hypercube - Integration Tests               |
7: |     3-Table Schema Validation                               |
7: +--------------------------------------------------------------+
7: 
7: Connecting to hypercube@localhost...
7: Connected!
7: 
7: === SCHEMA VERIFICATION ===
7: 
7: > Checking 3-table schema exists
7:   PASS: atom - Unicode codepoints (leaves)
7:   PASS: composition - BPE tokens and aggregations
7:   PASS: composition_child - Ordered child links
7:   PASS: relation - Semantic edges
7: 
7: === ATOM TABLE - Unicode Leaf Atoms ===
7: 
7: > Count all seeded atoms
7:   SQL: SELECT COUNT(*) FROM atom
7:   Total atoms: 1112064
7:   PASS: All 1,112,064 Unicode codepoints seeded
7: > Verify atom 'A' (U+0041) properties
7:   SQL: SELECT encode(id, 'hex') FROM atom WHERE codepoint = 65
7:   BLAKE3 hash: 32684bfa28c0c84d...
7:   SQL: SELECT ST_X(geom) FROM atom WHERE codepoint = 65
7:   SQL: SELECT ST_Y(geom) FROM atom WHERE codepoint = 65
7:   SQL: SELECT ST_Z(geom) FROM atom WHERE codepoint = 65
7:   SQL: SELECT ST_M(geom) FROM atom WHERE codepoint = 65
7:   4D coordinates: (-2147483648, 2145285253, 82460456, 1558132284)
7:   PASS: Atom has valid 4D geometry (POINTZM)
7: > Verify Hilbert index values
7:   SQL: SELECT hilbert_lo FROM atom WHERE codepoint = 65
7:   Hilbert curve: lo=5538808769254409532, hi=12020717486945261018
7:   PASS: Hilbert index populated for spatial locality
7: > Case pair proximity: 'A' vs 'a' should be neighbors
7:   SQL: SELECT ST_3DDistance((SELECT geom FROM atom WHERE codepoint = 65),(SELECT geom FROM atom WHERE codepoint = 97))
7:   Distance A<->a: 1155152454
7:   SQL: WITH ranked AS (  SELECT neighbor_id, ROW_NUMBER() OVER (ORDER BY distance) as rank   FROM atom_knn((SELECT id FROM atom WHERE codepoint = 65), 100)) SELECT rank FROM ranked WHERE neighbor_id = (SELECT id FROM atom WHERE codepoint = 97)
7:   Rank of 'a' among A's neighbors: -1
7:   SKIP: Case pair not in top 100 - may need projection tuning
7: 
7: === SPATIAL INDEXES ===
7: 
7: > GIST index for geometry queries
7:   SQL: SELECT 1 FROM pg_indexes WHERE indexname = 'idx_atom_geom' AND tablename = 'atom'
7:   PASS: idx_atom_geom GIST index exists
7: > Hilbert index for locality queries
7:   SQL: SELECT 1 FROM pg_indexes WHERE indexname = 'idx_atom_hilbert' AND tablename = 'atom'
7:   PASS: idx_atom_hilbert exists for fast range scans
7: 
7: === SQL FUNCTIONS ===
7: 
7: > atom_is_leaf() - Identify leaf vs composition
7:   SQL: SELECT atom_is_leaf((SELECT id FROM atom WHERE codepoint = 65))
7:   atom_is_leaf('A'): t
7:   PASS: Correctly identifies leaf atoms
7: > atom_centroid() - Get geometry for any entity
7:   SQL: SELECT ST_AsText(atom_centroid((SELECT id FROM atom WHERE codepoint = 65)))
7:   Geometry: POINT ZM (2147483648 2145285253 82460456 155813228...
7:   PASS: Returns valid POINT geometry
7: > atom_reconstruct_text() - Rebuild text from ID
7:   SQL: SELECT atom_reconstruct_text((SELECT id FROM atom WHERE codepoint = 72)) || atom_reconstruct_text((SELECT id FROM atom WHERE codepoint = 105))
7:   Reconstructed 'H' + 'i': 'Hi'
7:   PASS: Text reconstruction works
7: > atom_knn() - K-nearest neighbors
7:   SQL: SELECT COUNT(*) FROM atom_knn((SELECT id FROM atom WHERE codepoint = 65), 10)
7:   Neighbors returned: 10
7:   PASS: Returns exactly k neighbors
7: > atom_distance() - Euclidean distance
7:   SQL: SELECT atom_distance((SELECT id FROM atom WHERE codepoint = 65),(SELECT id FROM atom WHERE codepoint = 66))
7:   Distance A<->B: 2065024362.190055
7:   PASS: Computes positive distance
7: 
7: === SEMANTIC RELATIONS ===
7: 
7: > Count edges from embedding model
7:   SQL: SELECT COUNT(*) FROM relation
7:   Total edges: 298430
7:   PASS: Found 298430 semantic edges
7: > Edge source types
7:   SQL: SELECT string_agg(source_type || ':' || cnt::text, ', ') FROM (SELECT source_type, COUNT(*) as cnt FROM relation GROUP BY source_type) sub
7:   Distribution: C:298430
7: > Top weight edges
7:   SQL: SELECT MAX(weight) FROM relation
7:   Max similarity: 1.000000
7: 
7: === COMPOSITIONS (BPE Tokens) ===
7: 
7:   SQL: SELECT COUNT(*) FROM composition
7:   Total compositions: 111506
7: > Depth distribution
7:   SQL: SELECT string_agg(depth::text || ':' || cnt::text, ', ' ORDER BY depth) FROM (SELECT depth, COUNT(*) as cnt FROM composition GROUP BY depth) sub
7:   Depth counts: 1:78748, 2:4327, 3:6363, 4:6285, 5:5213, 6:3832, 7:2839, 8:2128, 9:916, 10:458, 11:205, 12:99, 13:40, 14:24, 15:14, 16:6, 17:2, 18:1, 19:1, 20:1, 21:1, 22:1, 23:1, 24:1
7:   PASS: Found 111506 compositions
7: 
7: === BLAKE3 DETERMINISM ===
7: 
7: > Same input produces same hash
7:   PASS: BLAKE3 hash is deterministic
7:   Hash(A): 32684bfa28c0c84d6f210511aace0efc...
7: > Different inputs produce different hashes
7:   PASS: Different codepoints have different hashes
7: 
7: ================================================================
7:                          RESULTS
7: ================================================================
7:   Passed:  18
7:   Failed:  0
7:   Skipped: 1
7: ================================================================
7: 
 7/10 Test  #7: IntegrationTest ..................   Passed    0.50 sec
test 8
      Start  8: QueryAPITest

8: Test command: D:\Repositories\Github\AHartTN\Hartonomous-Opus\cpp\build\test_query_api.exe
8: Working Directory: D:/Repositories/Github/AHartTN/Hartonomous-Opus/cpp/build
8: Environment variables: 
8:  HC_DB_NAME=hypercube
8:  HC_DB_USER=hartonomous
8:  HC_DB_PASS=hartonomous
8:  HC_DB_HOST=localhost
8:  HC_DB_PORT=5432
8: Test timeout computed to be: 10000000
8: 
8: +--------------------------------------------------------------+
8: |     Hartonomous Hypercube - Query API Test Suite            |
8: |     Human-Readable Output with Query Results                |
8: +--------------------------------------------------------------+
8: 
8: Connecting to hartonomous@localhost:5432/hypercube...
8: Connected!
8: 
8: === 3-TABLE SCHEMA VERIFICATION ===
8: 
8: > Checking required tables exist
8:   PASS: atom table exists
8:   PASS: composition table exists
8:   PASS: composition_child table exists
8:   PASS: relation table exists
8: 
8: === ATOM SEEDING - Unicode Codepoints ===
8: 
8: > How many Unicode codepoints are seeded?
8:   SQL: SELECT COUNT(*) FROM atom
8:   Total atoms: 1112064
8:   PASS: All 1,112,064 Unicode codepoints are seeded
8: > Looking up atom for 'A' (codepoint 65)
8:   SQL: SELECT codepoint, encode(id, 'hex') as blake3_hash, ST_X(geom)::numeric(12,0) as x, ST_Y(geom)::numeric(12,0) as y, ST_Z(geom)::numeric(12,0) as z, ST_M(geom)::numeric(12,0) as m FROM atom WHERE codepoint = 65
8:   codepoint, blake3_hash, x, y, z, m
8:   65, 32684bfa28c0..., 2147483648, 2145285253, 82460456, 1558132284
8:   Total: 1 rows
8:   PASS: Atom 'A' found with 4D coordinates
8: > Sample of printable ASCII characters
8:   SQL: SELECT chr(codepoint) as char, codepoint, hilbert_lo, hilbert_hi FROM atom WHERE codepoint BETWEEN 65 AND 74 ORDER BY codepoint
8:   char, codepoint, hilbert_lo, hilbert_hi
8:   A, 65, 553880876925..., 120207174869...
8:   B, 66, 122977168245..., 929143151340...
8:   C, 67, 129445653933..., 130664437209...
8:   D, 68, 430169931950..., 125507813424...
8:   E, 69, 135276123205..., 980009428079...
8:   F, 70, 657647517818..., 376740922747...
8:   G, 71, 160679764517..., 585998061606...
8:   H, 72, 610369067982..., 730198631582...
8:   I, 73, 542803963806..., 378542553350...
8:   J, 74, 163665718887..., 670667112525...
8:   Total: 10 rows
8: 
8: === CORE SQL FUNCTIONS ===
8: 
8: > atom_is_leaf() - Check if ID is a leaf atom
8:   SQL: SELECT atom_is_leaf((SELECT id FROM atom WHERE codepoint = 65))
8:   atom_is_leaf('A'): t
8:   PASS: Correctly identifies 'A' as a leaf atom
8: > atom_centroid() - Get 4D geometry of an atom
8:   SQL: SELECT ST_X(g)::numeric(12,0) as x, ST_Y(g)::numeric(12,0) as y, ST_Z(g)::numeric(12,0) as z, ST_M(g)::numeric(12,0) as m FROM (SELECT atom_centroid((SELECT id FROM atom WHERE codepoint = 65)) as g) sub
8:   x, y, z, m
8:   2147483648, 2145285253, 82460456, 1558132284
8:   Total: 1 rows
8:   PASS: atom_centroid returns POINTZM geometry
8: > atom_reconstruct_text() - Reconstruct text from atom ID
8:   SQL: SELECT atom_reconstruct_text((SELECT id FROM atom WHERE codepoint = 65))
8:   Reconstructed: 'A'
8:   PASS: Correctly reconstructs 'A' from atom ID
8: > atom_distance() - Euclidean distance between atoms
8:   SQL: SELECT atom_distance((SELECT id FROM atom WHERE codepoint = 65),(SELECT id FROM atom WHERE codepoint = 65))
8:   Distance A to A: 0.000000
8:   PASS: Self-distance is 0
8:   SQL: SELECT atom_distance((SELECT id FROM atom WHERE codepoint = 65),(SELECT id FROM atom WHERE codepoint = 66))
8:   Distance A to B: 2065024362.190055
8:   PASS: Different atoms have non-zero distance
8: 
8: === K-NEAREST NEIGHBOR QUERIES ===
8: 
8: > atom_knn() - Find 10 nearest neighbors to 'A'
8:   SQL: SELECT chr(a.codepoint) as char, a.codepoint, knn.distance::numeric(20,2) as distance FROM atom_knn((SELECT id FROM atom WHERE codepoint = 65), 10) knn JOIN atom a ON a.id = knn.neighbor_id WHERE a.codepoint BETWEEN 32 AND 126 ORDER BY knn.distance
8:   char, codepoint, distance
8:   Total: 0 rows
8:   PASS: KNN returns nearest printable characters
8: > Which letters are spatially closest to 'A'?
8:   SQL: SELECT chr(a.codepoint) as letter, knn.distance::numeric(20,2) as distance FROM atom_knn((SELECT id FROM atom WHERE codepoint = 65), 100) knn JOIN atom a ON a.id = knn.neighbor_id WHERE a.codepoint BETWEEN 65 AND 90 ORDER BY knn.distance LIMIT 10
8:   letter, distance
8:   Total: 0 rows
8: 
8: === SEMANTIC RELATIONS ===
8: 
8: > How many semantic edges exist?
8:   SQL: SELECT COUNT(*) FROM relation
8:   Total edges: 298430
8:   PASS: Found 298430 semantic relationships
8: > Relation types in the database
8:   SQL: SELECT relation_type, COUNT(*) as count FROM relation GROUP BY relation_type ORDER BY count DESC
8:   relation_type, count
8:   M, 199512
8:   S, 89677
8:   A, 8050
8:   V, 639
8:   H, 537
8:   T, 15
8:   Total: 6 rows
8: > Top 10 strongest semantic relationships
8:   SQL: SELECT source_type, encode(source_id, 'hex') as source, target_type, encode(target_id, 'hex') as target, weight::numeric(6,4) as weight FROM relation ORDER BY weight DESC LIMIT 10
8:   source_type, source, target_type, target, weight
8:   C, 04b179f6a7f9..., C, 405c314149d1..., 1.0000
8:   C, 0ec77a790d00..., C, cfb844fc627c..., 1.0000
8:   C, 20288fb744ec..., C, b3a06b7b1825..., 1.0000
8:   C, 21a6dcbed12c..., C, af7bac2632aa..., 1.0000
8:   C, 28a656c4f527..., C, 8633c3f7bbce..., 1.0000
8:   C, 30982b2440b3..., C, 3907f8d36376..., 1.0000
8:   C, 4330a0ca306b..., C, be243fe15dd4..., 1.0000
8:   C, 4b841ce4644e..., C, 6905e4250947..., 1.0000
8:   C, 4c8ff35852fc..., C, 426b5c066f43..., 1.0000
8:   C, 0248bcee240c..., C, d54d35446ad4..., 1.0000
8:   Total: 10 rows
8: > semantic_neighbors() - Find semantically related atoms
8: 
8: === COMPOSITIONS (BPE Tokens) ===
8: 
8: > How many compositions exist?
8:   SQL: SELECT COUNT(*) FROM composition
8:   Total compositions: 111506
8: > Composition depth distribution
8:   SQL: SELECT depth, COUNT(*) as count FROM composition GROUP BY depth ORDER BY depth
8:   depth, count
8:   1, 78748
8:   2, 4327
8:   3, 6363
8:   4, 6285
8:   5, 5213
8:   6, 3832
8:   7, 2839
8:   8, 2128
8:   9, 916
8:   10, 458
8:   ... and 14 more rows
8:   Total: 24 rows
8: > Sample compositions
8:   SQL: SELECT encode(id, 'hex') as id, label, depth, child_count, atom_count FROM composition ORDER BY depth, label LIMIT 10
8:   id, label, depth, child_count, atom_count
8:   db38506124f2..., ┘Ç, 1, 1, 1
8:   45396a659feb..., ┘Ç, 1, 1, 1
8:   56fb948757f0..., ', 1, 1, 1
8:   e2c6f3b648e3..., ', 1, 1, 1
8:   3c71c7c9fe57..., '', 1, 2, 2
8:   9bfb117bc1f3..., '''', 1, 4, 4
8:   2615c2d3313b..., '-, 1, 2, 2
8:   418722c60691..., ╩╗, 1, 1, 1
8:   99df69192319..., ╩╝, 1, 1, 1
8:   3a4d14ea3321..., ╩┐, 1, 1, 1
8:   Total: 10 rows
8: > Composition children
8:   SQL: SELECT encode(cc.composition_id, 'hex') as parent, cc.ordinal, cc.child_type, encode(cc.child_id, 'hex') as child FROM composition_child cc LIMIT 10
8:   parent, ordinal, child_type, child
8:   55799e30ac98..., 0, C, 43180f15c64b...
8:   55799e30ac98..., 1, A, 3d1d92230feb...
8:   55b9ac640e19..., 0, A, 4d067153ac72...
8:   55b9ac640e19..., 1, A, 4d067153ac72...
8:   55397fab99cd..., 0, C, bc1fdf38efad...
8:   55397fab99cd..., 1, A, 00263ca9f57f...
8:   555970a1ef00..., 0, A, ea7aa1fc9efd...
8:   555970a1ef00..., 1, C, f054bd0b89b2...
8:   55d9b9b4973c..., 0, C, f64968f97370...
8:   55d9b9b4973c..., 1, A, 00263ca9f57f...
8:   Total: 10 rows
8: 
8: === SYSTEM STATISTICS ===
8: 
8: > atom_stats() - Overall system statistics
8:   SQL: SELECT * FROM atom_stats()
8:   atoms, compositions, compositions_with_centroid, relations, max_depth
8:   1112064, 111506, 111506, 298430, 24
8:   Total: 1 rows
8: > Index status
8:   SQL: SELECT indexname, tablename FROM pg_indexes WHERE schemaname = 'public' AND tablename IN ('atom', 'composition', 'relation')
8:   indexname, tablename
8:   idx_atom_hil..., atom
8:   idx_atom_geom, atom
8:   atom_codepoi..., atom
8:   atom_pkey, atom
8:   idx_atom_cod..., atom
8:   composition_..., composition
8:   idx_comp_cen..., composition
8:   idx_comp_hil..., composition
8:   idx_comp_depth, composition
8:   idx_comp_label, composition
8:   ... and 6 more rows
8:   Total: 16 rows
8: 
8: === EXAMPLE LLM QUERIES ===
8: 
8: > Q: What characters are most similar to 'A' in 4D space?
8:   SQL: SELECT chr(a.codepoint) as character, a.codepoint as unicode, knn.distance::numeric(12,2) as distance FROM atom_knn((SELECT id FROM atom WHERE codepoint = 65), 20) knn JOIN atom a ON a.id = knn.neighbor_id WHERE a.codepoint BETWEEN 32 AND 126 ORDER BY knn.distance LIMIT 10
8:   character, unicode, distance
8:   Total: 0 rows
8:   PASS: LLM can find spatially similar characters
8: > Q: Show the 4D neighborhood of letter 'M' (middle of alphabet)
8:   SQL: SELECT chr(a.codepoint) as char, ST_X(a.geom)::numeric(12,0) as x, ST_Y(a.geom)::numeric(12,0) as y, ST_Z(a.geom)::numeric(12,0) as z, ST_M(a.geom)::numeric(12,0) as m FROM atom_knn((SELECT id FROM atom WHERE codepoint = 77), 5) knn JOIN atom a ON a.id = knn.neighbor_id
8:   char, x, y, z, m
8:   ≥íÿ╗, 2141806562, 2147483648, 2147483648, 2147483648
8:   ≤¡╜ï, 2141805877, 2147483648, 1537207284, 200752354
8:   ≡ƒÜ╝, 2141808350, 2147483648, 2147483648, 2147483648
8:   ±¡║ö, 2141805028, 2147483648, 2147483648, 267603319
8:   ≡░«è, 2141804785, 2147483648, 2147483648, 2147483648
8:   Total: 5 rows
8: 
8: ================================================================
8:                          TEST SUMMARY
8: ================================================================
8:   Passed:  14
8:   Failed:  0
8:   Skipped: 0
8: ================================================================
8: 
 8/10 Test  #8: QueryAPITest .....................   Passed    0.73 sec
test 9
      Start  9: HypercubeTests

9: Test command: D:\Repositories\Github\AHartTN\Hartonomous-Opus\cpp\build\hypercube_tests.exe
9: Working Directory: D:/Repositories/Github/AHartTN/Hartonomous-Opus/cpp/build
9: Test timeout computed to be: 10000000
9: [==========] Running 32 tests from 5 test suites.
9: [----------] Global test environment set-up.
9: [----------] 6 tests from Blake3Test
9: [ RUN      ] Blake3Test.EmptyInput
9: [       OK ] Blake3Test.EmptyInput (0 ms)
9: [ RUN      ] Blake3Test.Deterministic
9: [       OK ] Blake3Test.Deterministic (0 ms)
9: [ RUN      ] Blake3Test.DifferentInputsDifferentHashes
9: [       OK ] Blake3Test.DifferentInputsDifferentHashes (0 ms)
9: [ RUN      ] Blake3Test.AvalancheEffect
9: [       OK ] Blake3Test.AvalancheEffect (0 ms)
9: [ RUN      ] Blake3Test.HexConversion
9: [       OK ] Blake3Test.HexConversion (0 ms)
9: [ RUN      ] Blake3Test.LargeInput
9: [       OK ] Blake3Test.LargeInput (1 ms)
9: [----------] 6 tests from Blake3Test (1 ms total)
9: 
9: [----------] 6 tests from HilbertTest
9: [ RUN      ] HilbertTest.OriginRoundTrip
9: [       OK ] HilbertTest.OriginRoundTrip (0 ms)
9: [ RUN      ] HilbertTest.RoundTrip
9: [       OK ] HilbertTest.RoundTrip (0 ms)
9: [ RUN      ] HilbertTest.LocalityPreservation
9: [       OK ] HilbertTest.LocalityPreservation (0 ms)
9: [ RUN      ] HilbertTest.Uniqueness
9: [       OK ] HilbertTest.Uniqueness (0 ms)
9: [ RUN      ] HilbertTest.AxisCoverage
9: [       OK ] HilbertTest.AxisCoverage (0 ms)
9: [ RUN      ] HilbertTest.MaxCoordinates
9: [       OK ] HilbertTest.MaxCoordinates (0 ms)
9: [----------] 6 tests from HilbertTest (0 ms total)
9: 
9: [----------] 6 tests from CoordinatesTest
9: [ RUN      ] CoordinatesTest.ASCIIMapping
9: [       OK ] CoordinatesTest.ASCIIMapping (0 ms)
9: [ RUN      ] CoordinatesTest.Uniqueness
9: D:/Repositories/Github/AHartTN/Hartonomous-Opus/cpp/tests/gtest/test_coordinates.cpp(40): error: Value of: seen.find(key) == seen.end()
9:   Actual: false
9: Expected: true
9: Duplicate coordinates for codepoint 21
9: 
9: D:/Repositories/Github/AHartTN/Hartonomous-Opus/cpp/tests/gtest/test_coordinates.cpp(40): error: Value of: seen.find(key) == seen.end()
9:   Actual: false
9: Expected: true
9: Duplicate coordinates for codepoint 35
9: 
9: D:/Repositories/Github/AHartTN/Hartonomous-Opus/cpp/tests/gtest/test_coordinates.cpp(40): error: Value of: seen.find(key) == seen.end()
9:   Actual: false
9: Expected: true
9: Duplicate coordinates for codepoint 38
9: 
9: D:/Repositories/Github/AHartTN/Hartonomous-Opus/cpp/tests/gtest/test_coordinates.cpp(40): error: Value of: seen.find(key) == seen.end()
9:   Actual: false
9: Expected: true
9: Duplicate coordinates for codepoint 52
9: 
9: D:/Repositories/Github/AHartTN/Hartonomous-Opus/cpp/tests/gtest/test_coordinates.cpp(40): error: Value of: seen.find(key) == seen.end()
9:   Actual: false
9: Expected: true
9: Duplicate coordinates for codepoint 55
9: 
9: D:/Repositories/Github/AHartTN/Hartonomous-Opus/cpp/tests/gtest/test_coordinates.cpp(40): error: Value of: seen.find(key) == seen.end()
9:   Actual: false
9: Expected: true
9: Duplicate coordinates for codepoint 107
9: 
9: D:/Repositories/Github/AHartTN/Hartonomous-Opus/cpp/tests/gtest/test_coordinates.cpp(40): error: Value of: seen.find(key) == seen.end()
9:   Actual: false
9: Expected: true
9: Duplicate coordinates for codepoint 110
9: 
9: D:/Repositories/Github/AHartTN/Hartonomous-Opus/cpp/tests/gtest/test_coordinates.cpp(40): error: Value of: seen.find(key) == seen.end()
9:   Actual: false
9: Expected: true
9: Duplicate coordinates for codepoint 124
9: 
9: D:/Repositories/Github/AHartTN/Hartonomous-Opus/cpp/tests/gtest/test_coordinates.cpp(40): error: Value of: seen.find(key) == seen.end()
9:   Actual: false
9: Expected: true
9: Duplicate coordinates for codepoint 127
9: 
9: [  FAILED  ] CoordinatesTest.Uniqueness (0 ms)
9: [ RUN      ] CoordinatesTest.CentroidCalculation
9: [       OK ] CoordinatesTest.CentroidCalculation (3 ms)
9: [ RUN      ] CoordinatesTest.WeightedCentroid
9: [       OK ] CoordinatesTest.WeightedCentroid (0 ms)
9: [ RUN      ] CoordinatesTest.CategoryDetection
9: [       OK ] CoordinatesTest.CategoryDetection (0 ms)
9: [ RUN      ] CoordinatesTest.Deterministic
9: [       OK ] CoordinatesTest.Deterministic (0 ms)
9: [----------] 6 tests from CoordinatesTest (3 ms total)
9: 
9: [----------] 5 tests from LaplacianTest
9: [ RUN      ] LaplacianTest.ProjectionOutput
9: 
9: === Laplacian Eigenmap Projection to 4D ===
9: Tokens: 50, Embedding dim: 32
9: 
9: [1] Building k-NN similarity graph (k=5)...
9: [HNSWLIB] Building HNSW index for 50 points, dim=32
9: [HNSWLIB] Index built in 1 ms
9: [HNSWLIB] k-NN queries completed in 113 ms
9: [HNSWLIB] Built k-NN graph with 124 edges
9: 
9: [1.5] Ensuring graph connectivity...
9: [MKL] Created sparse matrix handle: 50x50, 248 non-zeros
9: 
9: [2] Building normalized Laplacian...
9: [MKL] Created sparse matrix handle: 50x50, 248 non-zeros
9: 
9: [3] Finding 4 smallest non-zero eigenvectors...
9: [DEBUG] Laplacian matrix size: 50x50
9: [DEBUG] Degrees: min=0.709168, max=3.0525, zero_count=0
9: [DEBUG] Laplacian diagonal: min=1, max=1
9: [DEBUG] Laplacian is symmetric: YES
9: [DEBUG] Graph connectivity: 50/50 nodes reachable from node 0
9: [EIGEN] Using dense eigendecomposition for 50 points
9: [MKL] Using Intel MKL DSYEVR (optimized for Intel CPUs)
9: [MKL] Eigendecomposition completed in 0 ms
9: [MKL] Found 5 eigenvalues
9: [MKL] Eigenvalues: 1e-06 0.192618 0.24713 0.275907 0.299627 ...
9: 
9: [4] Gram-Schmidt orthonormalization...
9: [GS] Robust Double-Pass Gram-Schmidt on 4 columns
9: [GS] Max off-diagonal dot product after correction: 3.18255e-17
9: 
9: [5] Normalizing to [0, 2^32-1]^4...
9: [NORM] Coordinate ranges before normalization:
9:   dim 0: [-0.276476, 0.214423]
9:   dim 1: [-0.353192, 0.264491]
9:   dim 2: [-0.285174, 0.263567]
9:   dim 3: [-0.228269, 0.395398]
9: [NORM] Normalized 50 points to [0, 2^32-1]^4
9: 
9: [6] Projecting to hypersphere...
9: [SPHERE] Projecting 50 points onto hypersphere (parallel)...
9: [SPHERE] Projection complete
9: 
9: [7] Computing Hilbert indices (parallel)...
9: 
9: === Projection Complete in 0 seconds ===
9: Projected 50 tokens to 4D hypercube
9: Similarity graph edges: 124
9: [       OK ] LaplacianTest.ProjectionOutput (117 ms)
9: [ RUN      ] LaplacianTest.LocalityPreservation
9: 
9: === Laplacian Eigenmap Projection to 4D ===
9: Tokens: 30, Embedding dim: 16
9: 
9: [1] Building k-NN similarity graph (k=5)...
9: [HNSWLIB] Building HNSW index for 30 points, dim=16
9: [HNSWLIB] Index built in 1 ms
9: [HNSWLIB] k-NN queries completed in 104 ms
9: [HNSWLIB] Built k-NN graph with 75 edges
9: 
9: [1.5] Ensuring graph connectivity...
9: [CONNECT] Found 2 disconnected components - adding edges
9: [CONNECT] Graph is now connected (1 component)
9: [CONNECT] Added 1 inter-component edges
9: [MKL] Created sparse matrix handle: 30x30, 152 non-zeros
9: 
9: [2] Building normalized Laplacian...
9: [MKL] Created sparse matrix handle: 30x30, 152 non-zeros
9: 
9: [3] Finding 4 smallest non-zero eigenvectors...
9: [DEBUG] Laplacian matrix size: 30x30
9: [DEBUG] Degrees: min=1.99662, max=7.99361, zero_count=0
9: [DEBUG] Laplacian diagonal: min=1, max=1
9: [DEBUG] Laplacian is symmetric: YES
9: [DEBUG] Graph connectivity: 30/30 nodes reachable from node 0
9: [EIGEN] Using dense eigendecomposition for 30 points
9: [MKL] Using Intel MKL DSYEVR (optimized for Intel CPUs)
9: [MKL] Eigendecomposition completed in 0 ms
9: [MKL] Found 5 eigenvalues
9: [MKL] Eigenvalues: 1e-06 0.00988414 0.203691 0.440058 0.523089 ...
9: 
9: [4] Gram-Schmidt orthonormalization...
9: [GS] Robust Double-Pass Gram-Schmidt on 4 columns
9: [GS] Max off-diagonal dot product after correction: 2.12368e-17
9: 
9: [5] Normalizing to [0, 2^32-1]^4...
9: [NORM] Coordinate ranges before normalization:
9:   dim 0: [-0.19013, 0.287441]
9:   dim 1: [-0.365187, 0.275076]
9:   dim 2: [-0.422041, 0.404832]
9:   dim 3: [-0.459886, 0.343294]
9: [NORM] Normalized 30 points to [0, 2^32-1]^4
9: 
9: [6] Projecting to hypersphere...
9: [SPHERE] Projecting 30 points onto hypersphere (parallel)...
9: [SPHERE] Projection complete
9: 
9: [7] Computing Hilbert indices (parallel)...
9: 
9: === Projection Complete in 0 seconds ===
9: Projected 30 tokens to 4D hypercube
9: Similarity graph edges: 75
9: [       OK ] LaplacianTest.LocalityPreservation (106 ms)
9: [ RUN      ] LaplacianTest.Deterministic
9: 
9: === Laplacian Eigenmap Projection to 4D ===
9: Tokens: 20, Embedding dim: 16
9: 
9: [1] Building k-NN similarity graph (k=3)...
9: [HNSWLIB] Building HNSW index for 20 points, dim=16
9: [HNSWLIB] Index built in 0 ms
9: [HNSWLIB] k-NN queries completed in 105 ms
9: [HNSWLIB] Built k-NN graph with 28 edges
9: 
9: [1.5] Ensuring graph connectivity...
9: [MKL] Created sparse matrix handle: 20x20, 56 non-zeros
9: 
9: [2] Building normalized Laplacian...
9: [MKL] Created sparse matrix handle: 20x20, 56 non-zeros
9: 
9: [3] Finding 4 smallest non-zero eigenvectors...
9: [DEBUG] Laplacian matrix size: 20x20
9: [DEBUG] Degrees: min=0.193539, max=1.62729, zero_count=0
9: [DEBUG] Laplacian diagonal: min=1, max=1
9: [DEBUG] Laplacian is symmetric: YES
9: [DEBUG] Graph connectivity: 20/20 nodes reachable from node 0
9: [EIGEN] Using dense eigendecomposition for 20 points
9: [MKL] Using Intel MKL DSYEVR (optimized for Intel CPUs)
9: [MKL] Eigendecomposition completed in 0 ms
9: [MKL] Found 5 eigenvalues
9: [MKL] Eigenvalues: 1e-06 0.0816905 0.124396 0.305603 0.373673 ...
9: 
9: [4] Gram-Schmidt orthonormalization...
9: [GS] Robust Double-Pass Gram-Schmidt on 4 columns
9: [GS] Max off-diagonal dot product after correction: 1.73472e-17
9: 
9: [5] Normalizing to [0, 2^32-1]^4...
9: [NORM] Coordinate ranges before normalization:
9:   dim 0: [-0.309101, 0.364654]
9:   dim 1: [-0.256275, 0.472065]
9:   dim 2: [-0.325374, 0.501136]
9:   dim 3: [-0.411005, 0.362807]
9: [NORM] Normalized 20 points to [0, 2^32-1]^4
9: 
9: [6] Projecting to hypersphere...
9: [SPHERE] Projecting 20 points onto hypersphere (parallel)...
9: [SPHERE] Projection complete
9: 
9: [7] Computing Hilbert indices (parallel)...
9: 
9: === Projection Complete in 0 seconds ===
9: Projected 20 tokens to 4D hypercube
9: Similarity graph edges: 28
9: 
9: === Laplacian Eigenmap Projection to 4D ===
9: Tokens: 20, Embedding dim: 16
9: 
9: [1] Building k-NN similarity graph (k=3)...
9: [HNSWLIB] Building HNSW index for 20 points, dim=16
9: [HNSWLIB] Index built in 0 ms
9: [HNSWLIB] k-NN queries completed in 111 ms
9: [HNSWLIB] Built k-NN graph with 28 edges
9: 
9: [1.5] Ensuring graph connectivity...
9: [MKL] Created sparse matrix handle: 20x20, 56 non-zeros
9: 
9: [2] Building normalized Laplacian...
9: [MKL] Created sparse matrix handle: 20x20, 56 non-zeros
9: 
9: [3] Finding 4 smallest non-zero eigenvectors...
9: [DEBUG] Laplacian matrix size: 20x20
9: [DEBUG] Degrees: min=0.193539, max=1.62729, zero_count=0
9: [DEBUG] Laplacian diagonal: min=1, max=1
9: [DEBUG] Laplacian is symmetric: YES
9: [DEBUG] Graph connectivity: 20/20 nodes reachable from node 0
9: [EIGEN] Using dense eigendecomposition for 20 points
9: [MKL] Using Intel MKL DSYEVR (optimized for Intel CPUs)
9: [MKL] Eigendecomposition completed in 0 ms
9: [MKL] Found 5 eigenvalues
9: [MKL] Eigenvalues: 1e-06 0.0816905 0.124396 0.305603 0.373673 ...
9: 
9: [4] Gram-Schmidt orthonormalization...
9: [GS] Robust Double-Pass Gram-Schmidt on 4 columns
9: [GS] Max off-diagonal dot product after correction: 1.73472e-17
9: 
9: [5] Normalizing to [0, 2^32-1]^4...
9: [NORM] Coordinate ranges before normalization:
9:   dim 0: [-0.309101, 0.364654]
9:   dim 1: [-0.256275, 0.472065]
9:   dim 2: [-0.325374, 0.501136]
9:   dim 3: [-0.411005, 0.362807]
9: [NORM] Normalized 20 points to [0, 2^32-1]^4
9: 
9: [6] Projecting to hypersphere...
9: [SPHERE] Projecting 20 points onto hypersphere (parallel)...
9: [SPHERE] Projection complete
9: 
9: [7] Computing Hilbert indices (parallel)...
9: 
9: === Projection Complete in 0 seconds ===
9: Projected 20 tokens to 4D hypercube
9: Similarity graph edges: 28
9: [       OK ] LaplacianTest.Deterministic (222 ms)
9: [ RUN      ] LaplacianTest.SmallDataset
9: 
9: === Laplacian Eigenmap Projection to 4D ===
9: Tokens: 5, Embedding dim: 4
9: 
9: [1] Building k-NN similarity graph (k=2)...
9: [HNSWLIB] Building HNSW index for 5 points, dim=4
9: [HNSWLIB] Index built in 0 ms
9: [HNSWLIB] k-NN queries completed in 105 ms
9: [HNSWLIB] Built k-NN graph with 2 edges
9: 
9: [1.5] Ensuring graph connectivity...
9: [CONNECT] Found 3 disconnected components - adding edges
9: [CONNECT] Graph is now connected (1 component)
9: [CONNECT] Added 2 inter-component edges
9: [MKL] Created sparse matrix handle: 5x5, 8 non-zeros
9: 
9: [2] Building normalized Laplacian...
9: [MKL] Created sparse matrix handle: 5x5, 8 non-zeros
9: 
9: [3] Finding 4 smallest non-zero eigenvectors...
9: [DEBUG] Laplacian matrix size: 5x5
9: [DEBUG] Degrees: min=0.1, max=1.41421, zero_count=0
9: [DEBUG] Laplacian diagonal: min=1, max=1
9: [DEBUG] Laplacian is symmetric: YES
9: [DEBUG] Graph connectivity: 5/5 nodes reachable from node 0
9: [EIGEN] Using dense eigendecomposition for 5 points
9: [MKL] Using Intel MKL DSYEVR (optimized for Intel CPUs)
9: [MKL] Eigendecomposition completed in 0 ms
9: [MKL] Found 5 eigenvalues
9: [MKL] Eigenvalues: 1e-06 0.667976 1 1.33203 2 ...
9: 
9: [4] Gram-Schmidt orthonormalization...
9: [GS] Robust Double-Pass Gram-Schmidt on 4 columns
9: [GS] Max off-diagonal dot product after correction: 1.20915e-17
9: 
9: [5] Normalizing to [0, 2^32-1]^4...
9: [NORM] Coordinate ranges before normalization:
9:   dim 0: [-0.530071, 0.468001]
9:   dim 1: [-0.707107, 0.707107]
9:   dim 2: [-0.530071, 0.468001]
9:   dim 3: [-0.530071, 0.661854]
9: [NORM] Normalized 5 points to [0, 2^32-1]^4
9: 
9: [6] Projecting to hypersphere...
9: [SPHERE] Projecting 5 points onto hypersphere (parallel)...
9: [SPHERE] Projection complete
9: 
9: [7] Computing Hilbert indices (parallel)...
9: 
9: === Projection Complete in 0 seconds ===
9: Projected 5 tokens to 4D hypercube
9: Similarity graph edges: 2
9: [       OK ] LaplacianTest.SmallDataset (107 ms)
9: [ RUN      ] LaplacianTest.SphericalProjection
9: 
9: === Laplacian Eigenmap Projection to 4D ===
9: Tokens: 30, Embedding dim: 16
9: 
9: [1] Building k-NN similarity graph (k=5)...
9: [HNSWLIB] Building HNSW index for 30 points, dim=16
9: [HNSWLIB] Index built in 1 ms
9: [HNSWLIB] k-NN queries completed in 105 ms
9: [HNSWLIB] Built k-NN graph with 80 edges
9: 
9: [1.5] Ensuring graph connectivity...
9: [MKL] Created sparse matrix handle: 30x30, 160 non-zeros
9: 
9: [2] Building normalized Laplacian...
9: [MKL] Created sparse matrix handle: 30x30, 160 non-zeros
9: 
9: [3] Finding 4 smallest non-zero eigenvectors...
9: [DEBUG] Laplacian matrix size: 30x30
9: [DEBUG] Degrees: min=0.774193, max=2.9385, zero_count=0
9: [DEBUG] Laplacian diagonal: min=1, max=1
9: [DEBUG] Laplacian is symmetric: YES
9: [DEBUG] Graph connectivity: 30/30 nodes reachable from node 0
9: [EIGEN] Using dense eigendecomposition for 30 points
9: [MKL] Using Intel MKL DSYEVR (optimized for Intel CPUs)
9: [MKL] Eigendecomposition completed in 0 ms
9: [MKL] Found 5 eigenvalues
9: [MKL] Eigenvalues: 1e-06 0.131352 0.272153 0.408189 0.521874 ...
9: 
9: [4] Gram-Schmidt orthonormalization...
9: [GS] Robust Double-Pass Gram-Schmidt on 4 columns
9: [GS] Max off-diagonal dot product after correction: 2.3777e-17
9: 
9: [5] Normalizing to [0, 2^32-1]^4...
9: [NORM] Coordinate ranges before normalization:
9:   dim 0: [-0.168996, 0.382448]
9:   dim 1: [-0.395204, 0.274529]
9:   dim 2: [-0.381999, 0.383913]
9:   dim 3: [-0.262693, 0.360029]
9: [NORM] Normalized 30 points to [0, 2^32-1]^4
9: 
9: [6] Projecting to hypersphere...
9: [SPHERE] Projecting 30 points onto hypersphere (parallel)...
9: [SPHERE] Projection complete
9: 
9: [7] Computing Hilbert indices (parallel)...
9: 
9: === Projection Complete in 0 seconds ===
9: Projected 30 tokens to 4D hypercube
9: Similarity graph edges: 80
9: [       OK ] LaplacianTest.SphericalProjection (108 ms)
9: [----------] 5 tests from LaplacianTest (662 ms total)
9: 
9: [----------] 9 tests from BackendTest
9: [ RUN      ] BackendTest.CPUDetection
9: [       OK ] BackendTest.CPUDetection (0 ms)
9: [ RUN      ] BackendTest.SIMDDetection
9: [       OK ] BackendTest.SIMDDetection (0 ms)
9: [ RUN      ] BackendTest.SingletonCaching
9: [       OK ] BackendTest.SingletonCaching (0 ms)
9: [ RUN      ] BackendTest.ConvenienceAccessors
9: [       OK ] BackendTest.ConvenienceAccessors (0 ms)
9: [ RUN      ] BackendTest.SummaryGeneration
9: [       OK ] BackendTest.SummaryGeneration (0 ms)
9: [ RUN      ] BackendTest.BackendSelection
9: [       OK ] BackendTest.BackendSelection (0 ms)
9: [ RUN      ] BackendTest.AVXDetectionIntel
9: [       OK ] BackendTest.AVXDetectionIntel (0 ms)
9: [ RUN      ] BackendTest.EnumNames
9: [       OK ] BackendTest.EnumNames (0 ms)
9: [ RUN      ] BackendTest.SIMDWidth
9: [       OK ] BackendTest.SIMDWidth (0 ms)
9: [----------] 9 tests from BackendTest (0 ms total)
9: 
9: [----------] Global test environment tear-down
9: [==========] 32 tests from 5 test suites ran. (667 ms total)
9: [  PASSED  ] 31 tests.
9: [  FAILED  ] 1 test, listed below:
9: [  FAILED  ] CoordinatesTest.Uniqueness
9: 
9:  1 FAILED TEST
 9/10 Test  #9: HypercubeTests ...................***Failed    0.82 sec
test 10
      Start 10: HypercubeSQLTests

10: Test command: D:\Repositories\Github\AHartTN\Hartonomous-Opus\cpp\build\hypercube_sql_tests.exe
10: Working Directory: D:/Repositories/Github/AHartTN/Hartonomous-Opus/cpp/build
10: Environment variables: 
10:  HC_DB_NAME=hypercube
10:  HC_DB_USER=hartonomous
10:  HC_DB_PASS=hartonomous
10:  HC_DB_HOST=localhost
10:  HC_DB_PORT=5432
10: Test timeout computed to be: 10000000
10: [==========] Running 20 tests from 3 test suites.
10: [----------] Global test environment set-up.
10: [----------] 7 tests from SQLSchemaTest
10: [ RUN      ] SQLSchemaTest.CoreTablesExist
10: D:/Repositories/Github/AHartTN/Hartonomous-Opus/cpp/tests/gtest/test_sql_schema.cpp(44): Skipped
10: Database connection failed: invalid integer value "hartonomous" for connection option "port"
10: 
10: 
10: [  SKIPPED ] SQLSchemaTest.CoreTablesExist (1 ms)
10: [ RUN      ] SQLSchemaTest.ModelRegistryExists
10: D:/Repositories/Github/AHartTN/Hartonomous-Opus/cpp/tests/gtest/test_sql_schema.cpp(44): Skipped
10: Database connection failed: invalid integer value "hartonomous" for connection option "port"
10: 
10: 
10: [  SKIPPED ] SQLSchemaTest.ModelRegistryExists (0 ms)
10: [ RUN      ] SQLSchemaTest.BigramStatsExists
10: D:/Repositories/Github/AHartTN/Hartonomous-Opus/cpp/tests/gtest/test_sql_schema.cpp(44): Skipped
10: Database connection failed: invalid integer value "hartonomous" for connection option "port"
10: 
10: 
10: [  SKIPPED ] SQLSchemaTest.BigramStatsExists (0 ms)
10: [ RUN      ] SQLSchemaTest.CoreFunctionsExist
10: D:/Repositories/Github/AHartTN/Hartonomous-Opus/cpp/tests/gtest/test_sql_schema.cpp(44): Skipped
10: Database connection failed: invalid integer value "hartonomous" for connection option "port"
10: 
10: 
10: [  SKIPPED ] SQLSchemaTest.CoreFunctionsExist (0 ms)
10: [ RUN      ] SQLSchemaTest.QueryAPIFunctionsExist
10: D:/Repositories/Github/AHartTN/Hartonomous-Opus/cpp/tests/gtest/test_sql_schema.cpp(44): Skipped
10: Database connection failed: invalid integer value "hartonomous" for connection option "port"
10: 
10: 
10: [  SKIPPED ] SQLSchemaTest.QueryAPIFunctionsExist (0 ms)
10: [ RUN      ] SQLSchemaTest.PostGISEnabled
10: D:/Repositories/Github/AHartTN/Hartonomous-Opus/cpp/tests/gtest/test_sql_schema.cpp(44): Skipped
10: Database connection failed: invalid integer value "hartonomous" for connection option "port"
10: 
10: 
10: [  SKIPPED ] SQLSchemaTest.PostGISEnabled (0 ms)
10: [ RUN      ] SQLSchemaTest.GeometryColumns
10: D:/Repositories/Github/AHartTN/Hartonomous-Opus/cpp/tests/gtest/test_sql_schema.cpp(44): Skipped
10: Database connection failed: invalid integer value "hartonomous" for connection option "port"
10: 
10: 
10: [  SKIPPED ] SQLSchemaTest.GeometryColumns (0 ms)
10: [----------] 7 tests from SQLSchemaTest (2 ms total)
10: 
10: [----------] 6 tests from SQLFunctionTest
10: [ RUN      ] SQLFunctionTest.GetOrCreateAtom
10: D:/Repositories/Github/AHartTN/Hartonomous-Opus/cpp/tests/gtest/test_sql_functions.cpp(44): Skipped
10: Database connection failed: invalid integer value "hartonomous" for connection option "port"
10: 
10: 
10: [  SKIPPED ] SQLFunctionTest.GetOrCreateAtom (0 ms)
10: [ RUN      ] SQLFunctionTest.CreateCompositionFromAtoms
10: D:/Repositories/Github/AHartTN/Hartonomous-Opus/cpp/tests/gtest/test_sql_functions.cpp(44): Skipped
10: Database connection failed: invalid integer value "hartonomous" for connection option "port"
10: 
10: 
10: [  SKIPPED ] SQLFunctionTest.CreateCompositionFromAtoms (0 ms)
10: [ RUN      ] SQLFunctionTest.BigramStatsUpdate
10: D:/Repositories/Github/AHartTN/Hartonomous-Opus/cpp/tests/gtest/test_sql_functions.cpp(44): Skipped
10: Database connection failed: invalid integer value "hartonomous" for connection option "port"
10: 
10: 
10: [  SKIPPED ] SQLFunctionTest.BigramStatsUpdate (0 ms)
10: [ RUN      ] SQLFunctionTest.HilbertIndexComputation
10: D:/Repositories/Github/AHartTN/Hartonomous-Opus/cpp/tests/gtest/test_sql_functions.cpp(44): Skipped
10: Database connection failed: invalid integer value "hartonomous" for connection option "port"
10: 
10: 
10: [  SKIPPED ] SQLFunctionTest.HilbertIndexComputation (0 ms)
10: [ RUN      ] SQLFunctionTest.Blake3HashComputation
10: D:/Repositories/Github/AHartTN/Hartonomous-Opus/cpp/tests/gtest/test_sql_functions.cpp(44): Skipped
10: Database connection failed: invalid integer value "hartonomous" for connection option "port"
10: 
10: 
10: [  SKIPPED ] SQLFunctionTest.Blake3HashComputation (0 ms)
10: [ RUN      ] SQLFunctionTest.RelationCreation
10: D:/Repositories/Github/AHartTN/Hartonomous-Opus/cpp/tests/gtest/test_sql_functions.cpp(44): Skipped
10: Database connection failed: invalid integer value "hartonomous" for connection option "port"
10: 
10: 
10: [  SKIPPED ] SQLFunctionTest.RelationCreation (0 ms)
10: [----------] 6 tests from SQLFunctionTest (1 ms total)
10: 
10: [----------] 7 tests from SQLQueryAPITest
10: [ RUN      ] SQLQueryAPITest.SemanticSearchCallable
10: D:/Repositories/Github/AHartTN/Hartonomous-Opus/cpp/tests/gtest/test_sql_query_api.cpp(45): Skipped
10: Database connection failed: invalid integer value "hartonomous" for connection option "port"
10: 
10: 
10: [  SKIPPED ] SQLQueryAPITest.SemanticSearchCallable (0 ms)
10: [ RUN      ] SQLQueryAPITest.GetNeighborsCallable
10: D:/Repositories/Github/AHartTN/Hartonomous-Opus/cpp/tests/gtest/test_sql_query_api.cpp(45): Skipped
10: Database connection failed: invalid integer value "hartonomous" for connection option "port"
10: 
10: 
10: [  SKIPPED ] SQLQueryAPITest.GetNeighborsCallable (0 ms)
10: [ RUN      ] SQLQueryAPITest.HilbertRangeQuery
10: D:/Repositories/Github/AHartTN/Hartonomous-Opus/cpp/tests/gtest/test_sql_query_api.cpp(45): Skipped
10: Database connection failed: invalid integer value "hartonomous" for connection option "port"
10: 
10: 
10: [  SKIPPED ] SQLQueryAPITest.HilbertRangeQuery (0 ms)
10: [ RUN      ] SQLQueryAPITest.SpatialQuery
10: D:/Repositories/Github/AHartTN/Hartonomous-Opus/cpp/tests/gtest/test_sql_query_api.cpp(45): Skipped
10: Database connection failed: invalid integer value "hartonomous" for connection option "port"
10: 
10: 
10: [  SKIPPED ] SQLQueryAPITest.SpatialQuery (0 ms)
10: [ RUN      ] SQLQueryAPITest.RelationTraversal
10: D:/Repositories/Github/AHartTN/Hartonomous-Opus/cpp/tests/gtest/test_sql_query_api.cpp(45): Skipped
10: Database connection failed: invalid integer value "hartonomous" for connection option "port"
10: 
10: 
10: [  SKIPPED ] SQLQueryAPITest.RelationTraversal (0 ms)
10: [ RUN      ] SQLQueryAPITest.ModelRegistryQuery
10: D:/Repositories/Github/AHartTN/Hartonomous-Opus/cpp/tests/gtest/test_sql_query_api.cpp(45): Skipped
10: Database connection failed: invalid integer value "hartonomous" for connection option "port"
10: 
10: 
10: [  SKIPPED ] SQLQueryAPITest.ModelRegistryQuery (0 ms)
10: [ RUN      ] SQLQueryAPITest.AggregateStats
10: D:/Repositories/Github/AHartTN/Hartonomous-Opus/cpp/tests/gtest/test_sql_query_api.cpp(45): Skipped
10: Database connection failed: invalid integer value "hartonomous" for connection option "port"
10: 
10: 
10: [  SKIPPED ] SQLQueryAPITest.AggregateStats (0 ms)
10: [----------] 7 tests from SQLQueryAPITest (1 ms total)
10: 
10: [----------] Global test environment tear-down
10: [==========] 20 tests from 3 test suites ran. (4 ms total)
10: [  PASSED  ] 0 tests.
10: [  SKIPPED ] 20 tests, listed below:
10: [  SKIPPED ] SQLSchemaTest.CoreTablesExist
10: [  SKIPPED ] SQLSchemaTest.ModelRegistryExists
10: [  SKIPPED ] SQLSchemaTest.BigramStatsExists
10: [  SKIPPED ] SQLSchemaTest.CoreFunctionsExist
10: [  SKIPPED ] SQLSchemaTest.QueryAPIFunctionsExist
10: [  SKIPPED ] SQLSchemaTest.PostGISEnabled
10: [  SKIPPED ] SQLSchemaTest.GeometryColumns
10: [  SKIPPED ] SQLFunctionTest.GetOrCreateAtom
10: [  SKIPPED ] SQLFunctionTest.CreateCompositionFromAtoms
10: [  SKIPPED ] SQLFunctionTest.BigramStatsUpdate
10: [  SKIPPED ] SQLFunctionTest.HilbertIndexComputation
10: [  SKIPPED ] SQLFunctionTest.Blake3HashComputation
10: [  SKIPPED ] SQLFunctionTest.RelationCreation
10: [  SKIPPED ] SQLQueryAPITest.SemanticSearchCallable
10: [  SKIPPED ] SQLQueryAPITest.GetNeighborsCallable
10: [  SKIPPED ] SQLQueryAPITest.HilbertRangeQuery
10: [  SKIPPED ] SQLQueryAPITest.SpatialQuery
10: [  SKIPPED ] SQLQueryAPITest.RelationTraversal
10: [  SKIPPED ] SQLQueryAPITest.ModelRegistryQuery
10: [  SKIPPED ] SQLQueryAPITest.AggregateStats
10/10 Test #10: HypercubeSQLTests ................   Passed    0.08 sec

80% tests passed, 2 tests failed out of 10

Total Test time (real) =  14.51 sec

The following tests FAILED:
	  4 - SemanticTest (Failed)
	  9 - HypercubeTests (Failed)
Errors while running CTest
Output from these tests are in: D:/Repositories/Github/AHartTN/Hartonomous-Opus/cpp/build/Testing/Temporary/LastTest.log
Use "--rerun-failed --output-on-failure" to re-run the failed cases verbosely.
